<?xml version="1.0" encoding="UTF-8"?>
<!-- Generated by org.testng.reporters.JUnitReportReporter -->
<testsuite skipped="0" hostname="DESKTOP-NPQ6VMQ" name="automation.Test1" tests="1" failures="0" timestamp="2021-10-22T23:59:32 IST" time="6.608" errors="0">
  <testcase name="myMethod1" time="6.608" classname="automation.Test1"/>
  <system-out/>
</testsuite> <!-- automation.Test1 -->
